0 info it worked if it ends with ok
1 verbose cli [ '/usr/local/bin/node', '/usr/local/bin/npm', 'run', 'watch' ]
2 info using npm@2.14.12
3 info using node@v4.3.1
4 verbose run-script [ 'prewatch', 'watch', 'postwatch' ]
5 info prewatch dot-dot-dot@1.0.0
6 info watch dot-dot-dot@1.0.0
7 verbose unsafe-perm in lifecycle true
8 info dot-dot-dot@1.0.0 Failed to exec watch script
9 verbose stack Error: dot-dot-dot@1.0.0 watch: `parallelshell "watchify js/app.js -d -o dist/app.js -t [ babelify ]" "sass --watch sass:css"`
9 verbose stack spawn ENOENT
9 verbose stack     at ChildProcess.<anonymous> (/usr/local/lib/node_modules/npm/lib/utils/spawn.js:17:16)
9 verbose stack     at emitTwo (events.js:87:13)
9 verbose stack     at ChildProcess.emit (events.js:172:7)
9 verbose stack     at maybeClose (internal/child_process.js:821:16)
9 verbose stack     at Process.ChildProcess._handle.onexit (internal/child_process.js:211:5)
10 verbose pkgid dot-dot-dot@1.0.0
11 verbose cwd /Users/lindyzeng/Desktop/Princeton/Junior/COS426/finalproj
12 error Darwin 16.5.0
13 error argv "/usr/local/bin/node" "/usr/local/bin/npm" "run" "watch"
14 error node v4.3.1
15 error npm  v2.14.12
16 error file sh
17 error code ELIFECYCLE
18 error errno ENOENT
19 error syscall spawn
20 error dot-dot-dot@1.0.0 watch: `parallelshell "watchify js/app.js -d -o dist/app.js -t [ babelify ]" "sass --watch sass:css"`
20 error spawn ENOENT
21 error Failed at the dot-dot-dot@1.0.0 watch script 'parallelshell "watchify js/app.js -d -o dist/app.js -t [ babelify ]" "sass --watch sass:css"'.
21 error This is most likely a problem with the dot-dot-dot package,
21 error not with npm itself.
21 error Tell the author that this fails on your system:
21 error     parallelshell "watchify js/app.js -d -o dist/app.js -t [ babelify ]" "sass --watch sass:css"
21 error You can get their info via:
21 error     npm owner ls dot-dot-dot
21 error There is likely additional logging output above.
22 verbose exit [ 1, true ]
